2015-01-10 11:31:15,819 54632346 [Thread-3] INFO  o.s.w.c.s.XmlWebApplicationContext - Closing WebApplicationContext for namespace 'bank-servlet': startup date [Fri Jan 09 20:20:46 GMT 2015]; parent: Root WebApplicationContext
2015-01-10 11:31:16,018 54632545 [Thread-3] DEBUG o.s.b.f.s.DefaultListableBeanFactory - Returning cached instance of singleton bean 'lifecycleProcessor'
2015-01-10 11:31:16,021 54632548 [Thread-3] INFO  o.s.b.f.s.DefaultListableBeanFactory - Destroying singletons in org.springframework.beans.factory.support.DefaultListableBeanFactory@57b309c9: defining beans [customerAccountController,homeController,org.springframework.context.annotation.internalConfigurationAnnotationProcessor,org.springframework.context.annotation.internalAutowiredAnnotationProcessor,org.springframework.context.annotation.internalRequiredAnnotationProcessor,org.springframework.context.annotation.internalCommonAnnotationProcessor,org.springframework.context.annotation.internalPersistenceAnnotationProcessor,mvcContentNegotiationManager,org.springframework.web.servlet.mvc.method.annotation.RequestMappingHandlerMapping#0,org.springframework.format.support.FormattingConversionServiceFactoryBean#0,org.springframework.validation.beanvalidation.LocalValidatorFactoryBean#0,org.springframework.web.servlet.mvc.method.annotation.RequestMappingHandlerAdapter#0,org.springframework.web.servlet.handler.MappedInterceptor#0,org.springframework.web.servlet.mvc.method.annotation.ExceptionHandlerExceptionResolver#0,org.springframework.web.servlet.mvc.annotation.ResponseStatusExceptionResolver#0,org.springframework.web.servlet.mvc.support.DefaultHandlerExceptionResolver#0,org.springframework.web.servlet.handler.BeanNameUrlHandlerMapping,org.springframework.web.servlet.mvc.HttpRequestHandlerAdapter,org.springframework.web.servlet.mvc.SimpleControllerHandlerAdapter,org.springframework.web.servlet.resource.ResourceHttpRequestHandler#0,org.springframework.web.servlet.handler.SimpleUrlHandlerMapping#0,org.springframework.web.servlet.view.tiles3.TilesViewResolver#0,org.springframework.web.servlet.view.tiles3.TilesConfigurer#0,messageSource,org.springframework.context.annotation.ConfigurationClassPostProcessor.importAwareProcessor]; parent: org.springframework.beans.factory.support.DefaultListableBeanFactory@537239a2
2015-01-10 11:31:16,028 54632555 [Thread-3] DEBUG o.s.b.f.s.DisposableBeanAdapter - Invoking destroy() on bean with name 'org.springframework.web.servlet.view.tiles3.TilesConfigurer#0'
2015-01-10 11:31:16,032 54632559 [Thread-3] INFO  org.apache.tiles.access.TilesAccess - Removing TilesContext for context: org.springframework.web.servlet.view.tiles3.SpringWildcardServletTilesApplicationContext
2015-01-10 11:31:16,039 54632566 [Thread-3] DEBUG o.s.b.f.s.DefaultListableBeanFactory - Retrieved dependent beans for bean '(inner bean)#2dbd0127#1': [org.springframework.web.servlet.mvc.method.annotation.ExceptionHandlerExceptionResolver#0]
2015-01-10 11:31:16,041 54632568 [Thread-3] DEBUG o.s.b.f.s.DefaultListableBeanFactory - Retrieved dependent beans for bean '(inner bean)#162bab1b': [org.springframework.web.servlet.mvc.method.annotation.RequestMappingHandlerAdapter#0]
2015-01-10 11:31:16,042 54632569 [Thread-3] DEBUG o.s.b.f.s.DefaultListableBeanFactory - Retrieved dependent beans for bean '(inner bean)#43a615ea': [org.springframework.web.servlet.handler.MappedInterceptor#0]
2015-01-10 11:31:16,072 54632599 [Thread-3] INFO  o.s.w.c.s.XmlWebApplicationContext - Closing Root WebApplicationContext: startup date [Fri Jan 09 20:20:43 GMT 2015]; root of context hierarchy
2015-01-10 11:31:16,102 54632629 [Thread-3] DEBUG o.s.b.f.s.DefaultListableBeanFactory - Returning cached instance of singleton bean 'lifecycleProcessor'
2015-01-10 11:31:16,104 54632631 [Thread-3] INFO  o.s.b.f.s.DefaultListableBeanFactory - Destroying singletons in org.springframework.beans.factory.support.DefaultListableBeanFactory@537239a2: defining beans [bankService,securityDao,securityService,accountService,customerService,accountDao,customerDao,transactionDao,customerAccountController,homeController,helloApplication,messagePrinter,jdbcService,org.springframework.context.annotation.internalConfigurationAnnotationProcessor,org.springframework.context.annotation.internalAutowiredAnnotationProcessor,org.springframework.context.annotation.internalRequiredAnnotationProcessor,org.springframework.context.annotation.internalCommonAnnotationProcessor,org.springframework.context.annotation.internalPersistenceAnnotationProcessor,org.springframework.aop.config.internalAutoProxyCreator,org.springframework.transaction.annotation.AnnotationTransactionAttributeSource#0,org.springframework.transaction.interceptor.TransactionInterceptor#0,org.springframework.transaction.config.internalTransactionAdvisor,org.springframework.dao.annotation.PersistenceExceptionTranslationPostProcessor#0,org.springframework.orm.jpa.support.PersistenceAnnotationBeanPostProcessor#0,dataSource,jdbcTemplate,emf,jpaVendorAdapter,transactionManager,testAccount,testCustomer,testTransaction,sec-dataSource,org.springframework.security.access.method.DelegatingMethodSecurityMetadataSource#0,org.springframework.security.access.vote.AffirmativeBased#0,org.springframework.security.access.intercept.aopalliance.MethodSecurityInterceptor#0,org.springframework.security.methodSecurityMetadataSourceAdvisor,org.springframework.security.filterChains,org.springframework.security.filterChainProxy,org.springframework.security.web.PortMapperImpl#0,org.springframework.security.web.PortResolverImpl#0,org.springframework.security.config.authentication.AuthenticationManagerFactoryBean#0,org.springframework.security.authentication.ProviderManager#0,org.springframework.security.web.context.HttpSessionSecurityContextRepository#0,org.springframework.security.web.authentication.session.CompositeSessionAuthenticationStrategy#0,org.springframework.security.web.savedrequest.HttpSessionRequestCache#0,org.springframework.security.web.access.expression.DefaultWebSecurityExpressionHandler#0,org.springframework.security.access.vote.AffirmativeBased#1,org.springframework.security.web.access.intercept.FilterSecurityInterceptor#0,org.springframework.security.web.access.DefaultWebInvocationPrivilegeEvaluator#0,org.springframework.security.authentication.AnonymousAuthenticationProvider#0,org.springframework.security.web.authentication.www.BasicAuthenticationEntryPoint#0,org.springframework.security.web.authentication.UsernamePasswordAuthenticationFilter#0,org.springframework.security.userDetailsServiceFactory,org.springframework.security.web.DefaultSecurityFilterChain#0,org.springframework.security.provisioning.JdbcUserDetailsManager#0,org.springframework.security.authentication.dao.DaoAuthenticationProvider#0,org.springframework.security.authentication.DefaultAuthenticationEventPublisher#0,org.springframework.security.authenticationManager,org.springframework.context.annotation.ConfigurationClassPostProcessor.importAwareProcessor,mockMessageService]; root of factory hierarchy
2015-01-10 11:31:16,104 54632631 [Thread-3] DEBUG o.s.b.f.s.DisposableBeanAdapter - Invoking destroy() on bean with name 'org.springframework.security.filterChainProxy'
2015-01-10 11:31:16,104 54632631 [Thread-3] DEBUG o.s.b.f.s.DefaultListableBeanFactory - Retrieved dependent beans for bean '(inner bean)#31ba7f52': [org.springframework.security.filterChainProxy]
2015-01-10 11:31:16,105 54632632 [Thread-3] DEBUG o.s.b.f.s.DisposableBeanAdapter - Invoking destroy() on bean with name 'org.springframework.security.filterChains'
2015-01-10 11:31:16,105 54632632 [Thread-3] DEBUG o.s.b.f.s.DefaultListableBeanFactory - Retrieved dependent beans for bean '(inner bean)#121e8180': [org.springframework.security.web.DefaultSecurityFilterChain#0]
2015-01-10 11:31:16,105 54632632 [Thread-3] DEBUG o.s.b.f.s.DisposableBeanAdapter - Invoking destroy() on bean with name '(inner bean)#7b0ea6b4'
2015-01-10 11:31:16,106 54632633 [Thread-3] DEBUG o.s.b.f.s.DisposableBeanAdapter - Invoking destroy() on bean with name '(inner bean)#29facb39'
2015-01-10 11:31:16,106 54632633 [Thread-3] DEBUG o.s.b.f.s.DisposableBeanAdapter - Invoking destroy() on bean with name '(inner bean)#d063034'
2015-01-10 11:31:16,106 54632633 [Thread-3] DEBUG o.s.b.f.s.DefaultListableBeanFactory - Retrieved dependent beans for bean '(inner bean)#5003925c': [(inner bean)#d063034]
2015-01-10 11:31:16,107 54632634 [Thread-3] DEBUG o.s.b.f.s.DisposableBeanAdapter - Invoking destroy() on bean with name '(inner bean)#836f888'
2015-01-10 11:31:16,107 54632634 [Thread-3] DEBUG o.s.b.f.s.DisposableBeanAdapter - Invoking destroy() on bean with name '(inner bean)#5cb08df7'
2015-01-10 11:31:16,108 54632635 [Thread-3] DEBUG o.s.b.f.s.DisposableBeanAdapter - Invoking destroy() on bean with name '(inner bean)#2ee8d4ba'
2015-01-10 11:31:16,108 54632635 [Thread-3] DEBUG o.s.b.f.s.DefaultListableBeanFactory - Retrieved dependent beans for bean '(inner bean)#5003925c#1': [(inner bean)#2ee8d4ba]
2015-01-10 11:31:16,108 54632635 [Thread-3] DEBUG o.s.b.f.s.DisposableBeanAdapter - Invoking destroy() on bean with name '(inner bean)#23f507cb'
2015-01-10 11:31:16,108 54632635 [Thread-3] DEBUG o.s.b.f.s.DisposableBeanAdapter - Invoking destroy() on bean with name '(inner bean)#58a0ba86'
2015-01-10 11:31:16,108 54632635 [Thread-3] DEBUG o.s.b.f.s.DefaultListableBeanFactory - Retrieved dependent beans for bean '(inner bean)#45f130a0': [(inner bean)#58a0ba86]
2015-01-10 11:31:16,109 54632636 [Thread-3] DEBUG o.s.b.f.s.DisposableBeanAdapter - Invoking destroy() on bean with name '(inner bean)#5daf7c3f'
2015-01-10 11:31:16,109 54632636 [Thread-3] DEBUG o.s.b.f.s.DefaultListableBeanFactory - Retrieved dependent beans for bean '(inner bean)#49ae06f0#1': [(inner bean)#5daf7c3f]
2015-01-10 11:31:16,109 54632636 [Thread-3] DEBUG o.s.b.f.s.DefaultListableBeanFactory - Retrieved dependent beans for bean '(inner bean)#395ff2dc': [org.springframework.security.web.access.intercept.FilterSecurityInterceptor#0]
2015-01-10 11:31:16,109 54632636 [Thread-3] DEBUG o.s.b.f.s.DefaultListableBeanFactory - Retrieved dependent beans for bean '(inner bean)#4a4166f1': [(inner bean)#395ff2dc]
2015-01-10 11:31:16,111 54632638 [Thread-3] DEBUG o.s.b.f.s.DefaultListableBeanFactory - Retrieved dependent beans for bean '(inner bean)#708aedea': [org.springframework.security.access.vote.AffirmativeBased#1]
2015-01-10 11:31:16,114 54632641 [Thread-3] DEBUG o.s.b.f.s.DisposableBeanAdapter - Invoking destroy() on bean with name 'org.springframework.security.web.authentication.UsernamePasswordAuthenticationFilter#0'
2015-01-10 11:31:16,114 54632641 [Thread-3] DEBUG o.s.b.f.s.DefaultListableBeanFactory - Retrieved dependent beans for bean '(inner bean)#7c2c98cc': [org.springframework.security.web.authentication.UsernamePasswordAuthenticationFilter#0]
2015-01-10 11:31:16,115 54632642 [Thread-3] DEBUG o.s.b.f.s.DefaultListableBeanFactory - Retrieved dependent beans for bean '(inner bean)#2f24283c': [org.springframework.security.authentication.ProviderManager#0]
2015-01-10 11:31:16,116 54632643 [Thread-3] DEBUG o.s.b.f.s.DefaultListableBeanFactory - Retrieved dependent beans for bean '(inner bean)#18bc008c': [org.springframework.security.web.authentication.session.CompositeSessionAuthenticationStrategy#0]
2015-01-10 11:31:16,116 54632643 [Thread-3] DEBUG o.s.b.f.s.DefaultListableBeanFactory - Retrieved dependent beans for bean '(inner bean)#355eec61': [org.springframework.security.access.intercept.aopalliance.MethodSecurityInterceptor#0]
2015-01-10 11:31:16,116 54632643 [Thread-3] DEBUG o.s.b.f.s.DefaultListableBeanFactory - Retrieved dependent beans for bean '(inner bean)#162303ba': [org.springframework.security.access.vote.AffirmativeBased#0]
2015-01-10 11:31:16,117 54632644 [Thread-3] DEBUG o.s.b.f.s.DisposableBeanAdapter - Invoking destroy() on bean with name 'helloApplication'
2015-01-10 11:31:16,120 54632647 [Thread-3] DEBUG o.s.b.f.s.DefaultListableBeanFactory - Retrieved dependent beans for bean '(inner bean)#e3255c9': [org.springframework.security.access.method.DelegatingMethodSecurityMetadataSource#0]
2015-01-10 11:31:16,120 54632647 [Thread-3] DEBUG o.s.b.f.s.DisposableBeanAdapter - Invoking destroy() on bean with name 'emf'
2015-01-10 11:31:16,122 54632649 [Thread-3] INFO  o.s.o.j.LocalContainerEntityManagerFactoryBean - Closing JPA EntityManagerFactory for persistence unit 'bankPU'
2015-01-10 11:31:16,126 54632653 [Thread-3] INFO  o.hibernate.impl.SessionFactoryImpl - closing
